<?xml version="1.0" encoding="UTF-8"?>
<testsuite name="test1" tests="1" skipped="0" failures="0" errors="0" timestamp="2019-03-15T19:34:47" hostname="32877-7480" time="1.462">
  <properties/>
  <testcase name="test_NumberOfCircuitsFor2017Season_ShouldBe20" classname="test1" time="1.462"/>
  <system-out><![CDATA[15:34:48.509 [Test worker] DEBUG org.apache.http.impl.conn.BasicClientConnectionManager - Get connection for route {}->http://localhost:8080
15:34:48.523 [Test worker] DEBUG org.apache.http.impl.conn.DefaultClientConnectionOperator - Connecting to localhost:8080
15:34:48.541 [Test worker] DEBUG org.apache.http.client.protocol.RequestAddCookies - CookieSpec selected: ignoreCookies
15:34:48.543 [Test worker] DEBUG org.apache.http.client.protocol.RequestAuthCache - Auth cache not set in the context
15:34:48.544 [Test worker] DEBUG org.apache.http.client.protocol.RequestTargetAuthentication - Target auth state: UNCHALLENGED
15:34:48.545 [Test worker] DEBUG org.apache.http.client.protocol.RequestProxyAuthentication - Proxy auth state: UNCHALLENGED
15:34:48.545 [Test worker] DEBUG org.apache.http.impl.client.DefaultHttpClient - Attempt 1 to execute request
15:34:48.545 [Test worker] DEBUG org.apache.http.impl.conn.DefaultClientConnection - Sending request: GET /greeting HTTP/1.1
15:34:48.546 [Test worker] DEBUG org.apache.http.wire -  >> "GET /greeting HTTP/1.1[\r][\n]"
15:34:48.547 [Test worker] DEBUG org.apache.http.wire -  >> "Accept: */*[\r][\n]"
15:34:48.548 [Test worker] DEBUG org.apache.http.wire -  >> "Host: localhost:8080[\r][\n]"
15:34:48.548 [Test worker] DEBUG org.apache.http.wire -  >> "Connection: Keep-Alive[\r][\n]"
15:34:48.548 [Test worker] DEBUG org.apache.http.wire -  >> "User-Agent: Apache-HttpClient/4.5.6 (Java/1.8.0_161)[\r][\n]"
15:34:48.548 [Test worker] DEBUG org.apache.http.wire -  >> "Accept-Encoding: gzip,deflate[\r][\n]"
15:34:48.549 [Test worker] DEBUG org.apache.http.wire -  >> "[\r][\n]"
15:34:48.549 [Test worker] DEBUG org.apache.http.headers - >> GET /greeting HTTP/1.1
15:34:48.549 [Test worker] DEBUG org.apache.http.headers - >> Accept: */*
15:34:48.550 [Test worker] DEBUG org.apache.http.headers - >> Host: localhost:8080
15:34:48.550 [Test worker] DEBUG org.apache.http.headers - >> Connection: Keep-Alive
15:34:48.551 [Test worker] DEBUG org.apache.http.headers - >> User-Agent: Apache-HttpClient/4.5.6 (Java/1.8.0_161)
15:34:48.552 [Test worker] DEBUG org.apache.http.headers - >> Accept-Encoding: gzip,deflate
15:34:48.556 [Test worker] DEBUG org.apache.http.wire -  << "HTTP/1.1 200 [\r][\n]"
15:34:48.558 [Test worker] DEBUG org.apache.http.wire -  << "Content-Type: application/json;charset=UTF-8[\r][\n]"
15:34:48.558 [Test worker] DEBUG org.apache.http.wire -  << "Transfer-Encoding: chunked[\r][\n]"
15:34:48.558 [Test worker] DEBUG org.apache.http.wire -  << "Date: Fri, 15 Mar 2019 19:34:48 GMT[\r][\n]"
15:34:48.558 [Test worker] DEBUG org.apache.http.wire -  << "[\r][\n]"
15:34:48.559 [Test worker] DEBUG org.apache.http.impl.conn.DefaultClientConnection - Receiving response: HTTP/1.1 200 
15:34:48.559 [Test worker] DEBUG org.apache.http.headers - << HTTP/1.1 200 
15:34:48.559 [Test worker] DEBUG org.apache.http.headers - << Content-Type: application/json;charset=UTF-8
15:34:48.559 [Test worker] DEBUG org.apache.http.headers - << Transfer-Encoding: chunked
15:34:48.559 [Test worker] DEBUG org.apache.http.headers - << Date: Fri, 15 Mar 2019 19:34:48 GMT
15:34:48.565 [Test worker] DEBUG org.apache.http.impl.client.DefaultHttpClient - Connection can be kept alive indefinitely
15:34:48.584 [Test worker] DEBUG io.restassured.internal.RequestSpecificationImpl$RestAssuredHttpBuilder - Parsing response as: application/json;charset=UTF-8
15:34:48.584 [Test worker] DEBUG io.restassured.internal.RequestSpecificationImpl$RestAssuredHttpBuilder - Parsed data to instance of: class org.apache.http.conn.EofSensorInputStream
]]></system-out>
  <system-err><![CDATA[]]></system-err>
</testsuite>
